Found ConfigField TileEntityRemover_Enabled
Found ConfigField TileEntityTargetList
Ore: gearWood
Ore: gearStone
Ore: gearIron
Ore: gearGold
Ore: gearDiamond
Ore: sandstone
Ore: glass
Ore: oreCoal
Ore: cloth
Ore: blockGold
Ore: blockIron
Ore: blockDiamond
Ore: blockGlowstone
Ore: blockEmerald
Ore: blockRedstone
Ore: coal
Ore: charcoal
Ore: ingotIron
Ore: ingotGold
Ore: dustRedstone
Ore: slimeball
Ore: dustGlowstone
Ore: nuggetGold
Fluid: uumatter
Fluid: constructionfoam
Fluid: ic2coolant
Ore: oreUranium
Ore: treeLeaves
Ore: treeSapling
Ore: woodRubber
Ore: dustStone
Ore: dustBronze
Ore: dustClay
Ore: dustCoal
Ore: dustCopper
Ore: dustGold
Ore: dustIron
Ore: dustSilver
Ore: dustTin
Ore: dustLead
Ore: dustObsidian
Ore: dustLapis
Ore: dustSulfur
Ore: dustLithium
Ore: dustDiamond
Ore: dustSiliconDioxide
Ore: dustHydratedCoal
Ore: dustTinyCopper
Ore: dustTinyGold
Ore: dustTinyIron
Ore: dustTinySilver
Ore: dustTinyTin
Ore: dustTinyLead
Ore: dustTinySulfur
Ore: dustTinyLithium
Ore: itemRubber
Ore: ingotBronze
Ore: ingotCopper
Ore: ingotRefinedIron
Ore: ingotLead
Ore: ingotTin
Ore: ingotSilver
Ore: plateIron
Ore: plateGold
Ore: plateCopper
Ore: plateTin
Ore: plateLead
Ore: plateLapis
Ore: plateObsidian
Ore: plateBronze
Ore: plateDenseIron
Ore: plateDenseGold
Ore: plateDenseCopper
Ore: plateDenseTin
Ore: plateDenseLead
Ore: plateDenseLapis
Ore: plateDenseObsidian
Ore: plateDenseBronze
Ore: crushedIron
Ore: crushedGold
Ore: crushedSilver
Ore: crushedLead
Ore: crushedCopper
Ore: crushedTin
Ore: crushedUranium
Ore: crushedPurifiedIron
Ore: crushedPurifiedGold
Ore: crushedPurifiedSilver
Ore: crushedPurifiedLead
Ore: crushedPurifiedCopper
Ore: crushedPurifiedTin
Ore: crushedPurifiedUranium
Ore: blockBronze
Ore: blockCopper
Ore: blockTin
Ore: blockUranium
Ore: blockLead
Ore: circuitBasic
Ore: circuitAdvanced
Ore: gemDiamond
Ore: gemDiamond
Ore: craftingToolForgeHammer
Ore: craftingToolWireCutter
Fluid: liquidessence
Ore: dustVinteum
Ore: gemBlueTopaz
Ore: gemChimerite
Ore: gemMoonstone
Ore: gemSunstone
Fluid: oil
Fluid: fuel
Fluid: milk
Fluid: sludge
Fluid: sewage
Fluid: mobessence
Fluid: biofuel
Fluid: meat
Fluid: pinkslime
Fluid: chocolatemilk
Fluid: mushroomsoup
Ore: hambone
Ore: blockRubber
Fluid: iron.molten
Fluid: gold.molten
Fluid: copper.molten
Fluid: tin.molten
Fluid: aluminum.molten
Fluid: cobalt.molten
Fluid: ardite.molten
Fluid: bronze.molten
Fluid: aluminumbrass.molten
Fluid: manyullyn.molten
Fluid: alumite.molten
Fluid: obsidian.molten
Fluid: steel.molten
Fluid: glass.molten
Fluid: stone.seared
Fluid: emerald.liquid
Fluid: blood
Fluid: nickel.molten
Fluid: lead.molten
Fluid: silver.molten
Fluid: platinum.molten
Fluid: invar.molten
Fluid: electrum.molten
Fluid: ender
Fluid: slime.blue
Fluid: glue
Fluid: pigiron.molten
Ore: oreCobalt
Ore: oreArdite
Ore: oreCopper
Ore: oreTin
Ore: oreAluminum
Ore: oreAluminium
Ore: oreIron
Ore: oreGold
Ore: oreCobalt
Ore: oreCopper
Ore: oreTin
Ore: oreAluminum
Ore: oreAluminium
Ore: ingotCobalt
Ore: ingotArdite
Ore: ingotManyullyn
Ore: ingotCopper
Ore: ingotTin
Ore: ingotAluminum
Ore: ingotAluminium
Ore: ingotBronze
Ore: ingotAluminumBrass
Ore: ingotAluminiumBrass
Ore: ingotAlumite
Ore: ingotSteel
Ore: ingotObsidian
Ore: ingotPigIron
Ore: itemRawRubber
Ore: blockCobalt
Ore: blockArdite
Ore: blockManyullyn
Ore: blockCopper
Ore: blockBronze
Ore: blockTin
Ore: blockAluminum
Ore: blockAluminium
Ore: blockAluminumBrass
Ore: blockAluminiumBrass
Ore: blockAlumite
Ore: blockSteel
Ore: blockEnder
Ore: nuggetIron
Ore: nuggetIron
Ore: nuggetCopper
Ore: nuggetCopper
Ore: nuggetTin
Ore: nuggetTin
Ore: nuggetAluminum
Ore: nuggetAluminum
Ore: nuggetAluminium
Ore: nuggetAluminium
Ore: nuggetAluminumBrass
Ore: nuggetAluminiumBrass
Ore: nuggetObsidian
Ore: nuggetCobalt
Ore: nuggetArdite
Ore: nuggetManyullyn
Ore: nuggetBronze
Ore: nuggetAlumite
Ore: nuggetSteel
Ore: nuggetGold
Ore: nuggetPigIron
Ore: dustArdite
Ore: dustCobalt
Ore: dustAluminium
Ore: dustAluminum
Ore: dustManyullyn
Ore: dustAluminiumBrass
Ore: dustAluminumBrass
Ore: slabCloth
Ore: slabCloth
Ore: stoneMossy
Ore: stoneMossy
Ore: crafterWood
Ore: craftingTableWood
Ore: torchStone
Ore: woodRod
Ore: stoneRod
Ore: ironRod
Ore: flintRod
Ore: cactusRod
Ore: boneRod
Ore: obsidianRod
Ore: netherrackRod
Ore: slimeRod
Ore: paperRod
Ore: cobaltRod
Ore: arditeRod
Ore: manyullynRod
Ore: copperRod
Ore: bronzeRod
Ore: alumiteRod
Ore: steelRod
Ore: blueslimeRod
Ore: stickWood
Ore: thaumiumRod
Ore: glassWhite
Ore: glassOrange
Ore: glassMagenta
Ore: glassLightBlue
Ore: glassYellow
Ore: glassLime
Ore: glassPink
Ore: glassGray
Ore: glassLightGray
Ore: glassCyan
Ore: glassPurple
Ore: glassBlue
Ore: glassBrown
Ore: glassGreen
Ore: glassRed
Ore: glassBlack
Ore: slimeball
Ore: slimeball
Ore: slimeball
Ore: slimeball
Ore: glass
Ore: glass
Ore: crafterWood
Ore: craftingTableWood
Ore: plankWood
Ore: logWood
Ore: stickWood
Ore: crafterWood
Ore: craftingTableWood
Ore: plankWood
Ore: logWood
Ore: stickWood
Ore: crafterWood
Ore: craftingTableWood
Ore: plankWood
Ore: logWood
Ore: stickWood
Ore: crafterWood
Ore: craftingTableWood
Ore: plankWood
Ore: logWood
Ore: stickWood
Ore: crafterWood
Ore: craftingTableWood
Ore: plankWood
Ore: logWood
Ore: stickWood
Ore: crafterWood
Ore: craftingTableWood
Ore: plankWood
Ore: logWood
Ore: stickWood
Ore: crafterWood
Ore: craftingTableWood
Ore: plankWood
Ore: logWood
Ore: stickWood
Ore: crafterWood
Ore: craftingTableWood
Ore: plankWood
Ore: logWood
Ore: stickWood
Ore: crafterWood
Ore: craftingTableWood
Ore: plankWood
Ore: logWood
Ore: stickWood
Ore: crafterWood
Ore: craftingTableWood
Ore: plankWood
Ore: logWood
Ore: stickWood
Ore: crafterWood
Ore: craftingTableWood
Ore: plankWood
Ore: logWood
Ore: stickWood
Ore: crafterWood
Ore: craftingTableWood
Ore: plankWood
Ore: logWood
Ore: stickWood
Ore: dyeBlue
Ore: glassSoul
Ore: chestWood
Ore: blockGlass
Ore: blockGlass
Ore: blockGlass
Ore: cropRaspberry
Ore: cropBlueberry
Ore: cropBlackberry
Ore: cropMaloberry
Ore: cropBlightberry
Ore: cropDuskberry
Ore: cropSkyberry
Ore: cropStingberry
Ore: taintedSoil
Ore: slabWood
Ore: slabWood
Ore: saplingTree
Ore: saplingTree
Ore: leavesTree
Ore: leavesTree
Ore: leavesTree
Ore: leavesTree
Fluid: bop.liquidpoison
Fluid: bop.springwater
Fluid: bop.honey
Ore: plankWood
Ore: stickWood
Ore: stickWood
Ore: blockMeatRaw
Ore: dyeBlue
Ore: dyeBrown
Ore: dyeGreen
Ore: dyeWhite
Ore: dyeBlack
Ore: gemRuby
Ore: gemPeridot
Ore: gemTopaz
Ore: gemTanzanite
Ore: gemMalachite
Ore: gemSapphire
Ore: oreRuby
Ore: oreTopaz
Ore: orePeridot
Ore: oreTanzanite
Ore: oreMalachite
Ore: oreSapphire
Ore: treeSapling
Ore: treeSapling
Ore: logWood
Ore: logWood
Ore: logWood
Ore: logWood
Ore: logWood
Ore: logWood
Ore: logWood
Ore: logWood
Ore: logWood
Ore: logWood
Ore: logWood
Ore: logWood
Ore: logWood
Ore: logWood
Ore: logWood
Ore: slabWood
Ore: slabWood
Ore: stairWood
Ore: stairWood
Ore: stairWood
Ore: stairWood
Ore: stairWood
Ore: stairWood
Ore: stairWood
Ore: stairWood
Ore: stairWood
Ore: stairWood
Ore: stairWood
Ore: stairWood
Ore: stairWood
Ore: treeLeaves
Ore: treeLeaves
Ore: treeLeaves
Ore: treeLeaves
Ore: treeLeaves
Ore: treeLeaves
Ore: treeLeaves
Ore: treeLeaves
Ore: gemApatite
Ore: ingotCopper
Ore: ingotTin
Ore: ingotBronze
Ore: brickPeat
Ore: dustAsh
Ore: gearBronze
Ore: gearCopper
Ore: gearTin
Ore: pulpWood
Ore: itemBeeswax
Ore: cropCherry
Ore: cropWalnut
Ore: cropChestnut
Ore: cropLemon
Ore: cropPlum
Ore: cropDate
Ore: cropPapaya
Ore: oreApatite
Ore: oreCopper
Ore: oreTin
Ore: dropHoney
Ore: itemPollen
Ore: dropHoneydew
Ore: dropRoyalJelly
Ore: beeComb
Ore: treeSapling
Ore: logWood
Ore: logWood
Ore: logWood
Ore: logWood
Ore: logWood
Ore: logWood
Ore: logWood
Ore: plankWood
Ore: plankWood
Ore: slabWood
Ore: slabWood
Ore: slabWood
Fluid: short.mead
Ore: gemDiamond
Ore: gemEmerald
Ore: ingotIron
Ore: ingotGold
Ore: gemDiamond
Fluid: acid
Fluid: poison
Fluid: liquidnitrogen
Ore: logWood
Ore: logWood
Ore: logWood
Ore: logWood
Ore: logWood
Ore: logWood
Ore: logWood
Ore: logWood
Ore: logWood
Ore: logWood
Ore: logWood
Ore: logWood
Ore: logWood
Ore: logWood
Ore: logWood
Ore: logWood
Ore: logWood
Ore: logWood
Ore: logWood
Ore: logWood
Ore: logWood
Ore: logWood
Ore: logWood
Ore: logWood
Ore: logWood
Ore: logWood
Ore: logWood
Ore: logWood
Ore: logWood
Ore: logWood
Ore: logWood
Ore: logWood
Ore: logWood
Ore: logWood
Ore: logWood
Ore: logWood
Ore: logWood
Ore: logWood
Ore: logWood
Ore: logWood
Ore: plankWood
Ore: plankWood
Ore: plankWood
Ore: plankWood
Ore: plankWood
Ore: plankWood
Ore: plankWood
Ore: plankWood
Ore: plankWood
Ore: plankWood
Ore: plankWood
Ore: plankWood
Ore: plankWood
Ore: plankWood
Ore: plankWood
Ore: plankWood
Ore: plankWood
Ore: plankWood
Ore: plankWood
Ore: plankWood
Ore: plankWood
Ore: plankWood
Ore: plankWood
Ore: plankWood
Ore: plankWood
Ore: plankWood
Ore: plankWood
Ore: plankWood
Ore: plankWood
Ore: plankWood
Ore: plankWood
Ore: plankWood
Ore: plankWood
Ore: plankWood
Ore: plankWood
Fluid: sap
Fluid: resin
Fluid: latex
Fluid: turpentine
Ore: pulpWood
Ore: cropApple
Ore: cropCrabapple
Ore: cropOrange
Ore: cropKumquat
Ore: cropLime
Ore: cropCherry
Ore: cropWildCherry
Ore: cropCherry
Ore: cropSourCherry
Ore: cropCherry
Ore: cropBlackCherry
Ore: cropBlackthorn
Ore: cropPlum
Ore: cropCherryPlum
Ore: cropAlmond
Ore: cropApricot
Ore: cropGrapefruit
Ore: cropPeach
Ore: cropSatsuma
Ore: cropOrange
Ore: cropBuddhaHand
Ore: cropCitron
Ore: cropCitron
Ore: cropLime
Ore: cropFingerLime
Ore: cropKeyLime
Ore: cropLime
Ore: cropOrange
Ore: cropManderin
Ore: cropPeach
Ore: cropNectarine
Ore: cropPomelo
Ore: cropTangerine
Ore: cropOrange
Ore: cropPear
Ore: cropSandPear
Ore: cropHazelnut
Ore: cropButternut
Ore: cropWalnut
Ore: cropBeechnut
Ore: cropPecan
Ore: cropBanana
Ore: cropRedBanana
Ore: cropBanana
Ore: cropPlantain
Ore: cropBrazilNut
Ore: cropFig
Ore: cropAcorn
Ore: cropElderberry
Ore: cropOlive
Ore: cropGingkoNut
Ore: cropCoffee
Ore: cropOsangeOrange
Ore: cropClove
Ore: cropApple
Ore: cropHops
Ore: seedWheat
Ore: seedWheat
Ore: seedBarley
Ore: seedCorn
Ore: seedRye
Ore: seedRoasted
Ore: mysticFlowerWhite
Ore: mysticFlowerOrange
Ore: mysticFlowerMagenta
Ore: mysticFlowerLightBlue
Ore: mysticFlowerYellow
Ore: mysticFlowerLime
Ore: mysticFlowerPink
Ore: mysticFlowerGray
Ore: mysticFlowerLightGray
Ore: mysticFlowerCyan
Ore: mysticFlowerPurple
Ore: mysticFlowerBlue
Ore: mysticFlowerBrown
Ore: mysticFlowerGreen
Ore: mysticFlowerRed
Ore: mysticFlowerBlack
Ore: livingrock
Ore: livingwood
Ore: oreCoal
Ore: lexicaBotania
Ore: petalWhite
Ore: dyeWhite
Ore: manaPetalWhite
Ore: runeWaterB
Ore: petalOrange
Ore: dyeOrange
Ore: manaPetalOrange
Ore: runeFireB
Ore: petalMagenta
Ore: dyeMagenta
Ore: manaPetalMagenta
Ore: runeEarthB
Ore: petalLightBlue
Ore: dyeLightBlue
Ore: manaPetalLightBlue
Ore: runeAirB
Ore: petalYellow
Ore: dyeYellow
Ore: manaPetalYellow
Ore: runeSpringB
Ore: petalLime
Ore: dyeLime
Ore: manaPetalLime
Ore: runeSummerB
Ore: petalPink
Ore: dyePink
Ore: manaPetalPink
Ore: runeAutumnB
Ore: petalGray
Ore: dyeGray
Ore: manaPetalGray
Ore: runeWinterB
Ore: petalLightGray
Ore: dyeLightGray
Ore: manaPetalLightGray
Ore: runeManaB
Ore: petalCyan
Ore: dyeCyan
Ore: manaPetalCyan
Ore: runeLustB
Ore: petalPurple
Ore: dyePurple
Ore: manaPetalPurple
Ore: runeGluttonyB
Ore: petalBlue
Ore: dyeBlue
Ore: manaPetalBlue
Ore: runeGreedB
Ore: petalBrown
Ore: dyeBrown
Ore: manaPetalBrown
Ore: runeSlothB
Ore: petalGreen
Ore: dyeGreen
Ore: manaPetalGreen
Ore: runeWrathB
Ore: petalRed
Ore: dyeRed
Ore: manaPetalRed
Ore: runeEnvyB
Ore: petalBlack
Ore: dyeBlack
Ore: manaPetalBlack
Ore: runePrideB
Ore: pestleAndMortar
Ore: ingotManasteel
Ore: manaPearl
Ore: manaDiamond
Ore: ingotIron
Ore: ingotGold
Ore: gemDiamond
Found ConfigField world_ChanceofItemDrop
Found ConfigField world_cancelAllExplosions
Ore: dustCoal
Ore: dustIron
Ore: dustGold
Ore: dustCopper
Ore: dustTin
Ore: gearStone
Ore: dustEnderPearl
Ore: itemSilicon
Ore: ingotConductiveIron
Ore: ingotElectricalSteel
Ore: ingotEnergeticAlloy
Ore: ingotVibrantAlloy
Ore: ingotPulsatingIron
Ore: glass
Ore: glassHardened
Ore: glass
Ore: sludge
Ore: oreSilver
Ore: ingotSilver
Ore: ingotLead
Ore: blockSilver
Ore: blockLead
Ore: oreFzDarkIron
Ore: ingotFzDarkIron
Ore: blockFzDarkIron
Ore: sulfuricAcid
Ore: bottleSulfuricAcid
Ore: aquaRegia
Fluid: steam
Fluid: fluxgoo
Ore: oreCinnabar
Ore: oreInfusedAir
Ore: oreInfusedFire
Ore: oreInfusedWater
Ore: oreInfusedEarth
Ore: oreInfusedOrder
Ore: oreInfusedEntropy
Ore: shardAir
Ore: shardFire
Ore: shardWater
Ore: shardEarth
Ore: shardOrder
Ore: shardEntropy
Ore: oreAmber
Ore: quicksilver
Ore: gemAmber
Ore: nuggetIron
Ore: nuggetCopper
Ore: nuggetTin
Ore: nuggetSilver
Ore: nuggetLead
Ore: nuggetThaumium
Ore: nuggetQuicksilver
Ore: ingotThaumium
Ore: clusterIron
Ore: clusterCopper
Ore: clusterTin
Ore: clusterSilver
Ore: clusterLead
Ore: clusterCinnabar
Ore: clusterGold
Ore: logWood
Ore: logWood
Ore: plankWood
Ore: plankWood
Ore: shardNether
Ore: shardNether
Ore: shardNether
Ore: shardNether
Ore: shardNether
Ore: shardNether
Ore: shardNether
Ore: nuggetEmerald
Ore: dyeBlack
Ore: blockNetherStar
Ore: ingotIron
Ore: ingotGold
Ore: slimeball
Ore: gemDiamond
Ore: gemEmerald
Ore: chestWood
Ore: stickWood
Ore: obsidian
Ore: whiteStone
Ore: transdimBlock
Fluid: creosote
Ore: nuggetIron
Ore: nuggetSteel
Ore: ingotSteel
Ore: fuelCoke
Ore: dustObsidian
Ore: dustSulfur
Ore: dustSaltpeter
Ore: dustCharcoal
Ore: blockSteel
Ore: oreSulfur
Ore: oreSaltpeter
Ore: oreDiamond
Ore: oreEmerald
Ore: oreLapis
Ore: oreFirestone
Ore: mb.magnet.level0
Ore: mb.magnet.level0
Ore: mb.magnet.level1
Ore: mb.magnet.level1
Ore: mb.magnet.level2
Ore: mb.magnet.level2
Ore: mb.magnet.level3
Ore: mb.magnet.level3
Ore: mb.magnet.level4
Ore: mb.magnet.level4
Ore: mb.magnet.level5
Ore: mb.magnet.level5
Ore: mb.magnet.level6
Ore: mb.magnet.level6
Ore: mb.magnet.level7
Ore: mb.magnet.level7
Ore: mb.magnet.level8
Ore: mb.magnet.level8
Ore: beeComb
Ore: waxMagical
Ore: waxMagical
Ore: nuggetIron
Ore: nuggetCopper
Ore: nuggetTin
Ore: nuggetSilver
Ore: nuggetLead
Ore: shardDiamond
Ore: shardEmerald
Ore: shardApatite
Fluid: myst.ink.black
Ore: ingotUranium
Ore: ingotIridium
Ore: solarPanelHV
Ore: sunnariumPart
Ore: sunnarium
Ore: itemSuperconductor
Fluid: fortron
Fluid: xpjuice
Found ConfigField creosote_fermentation
Ore: stickObsidian
Ore: obsidianRod
Ore: glass
Ore: glass
Ore: glass
Ore: glass
Ore: glass
Ore: glass
Ore: glass
Ore: glass
Ore: glass
Ore: glass
Ore: glass
Ore: glass
Ore: glass
Ore: glass
Ore: glass
Ore: glass
Fluid: fluidwitcheryspirit
Fluid: fluidwitcheryhollowtears
Ore: stoneRod
Ore: stoneRod
Ore: dustIron
Ore: dustGold
Ore: dustCoal
Ore: dustObsidian
Ore: dustCopper
Ore: dustTin
Ore: dustSilver
Ore: dustLead
Ore: dustNickel
Ore: dustPlatinum
Ore: dustElectrum
Ore: dustInvar
Ore: dustBronze
Ore: dustEnderium
Ore: ingotCopper
Ore: ingotTin
Ore: ingotSilver
Ore: ingotLead
Ore: ingotNickel
Ore: ingotPlatinum
Ore: ingotElectrum
Ore: ingotInvar
Ore: ingotBronze
Ore: ingotEnderium
Ore: nuggetCopper
Ore: nuggetTin
Ore: nuggetSilver
Ore: nuggetLead
Ore: nuggetNickel
Ore: nuggetPlatinum
Ore: nuggetElectrum
Ore: nuggetInvar
Ore: nuggetBronze
Ore: nuggetEnderium
Ore: dustSulfur
Ore: dustSaltpeter
Ore: crystalCinnabar
Ore: gearCopper
Ore: gearTin
Ore: gearElectrum
Ore: gearInvar
Ore: gearBronze
Ore: oreCopper
Ore: oreTin
Ore: oreSilver
Ore: oreLead
Ore: oreNickel
Ore: blockCopper
Ore: blockTin
Ore: blockSilver
Ore: blockLead
Ore: blockNickel
Ore: blockPlatinum
Ore: blockElectrum
Ore: blockInvar
Ore: blockBronze
Ore: blockEnderium
Ore: glassHardened
Fluid: redstone
Fluid: glowstone
Fluid: pyrotheum
Fluid: cryotheum
Fluid: coal
Ore: oreBlueTopaz
Ore: oreVinteum
Ore: oreChimerite
Ore: oreMoonstone
Ore: oreSunstone
Ore: blockBlueTopaz
Ore: blockVinteum
Ore: blockChimerite
Ore: blockMoonstone
Ore: blockSunstone
Ore: logWood
Ore: stairWood
Ore: plankWood
Ore: slabWood
Ore: itemRubber
Ore: itemRawRubber
Ore: woodRubber
Ore: leavesRubber
Ore: sheetPlastic
Ore: dustPlastic
Ore: ingotMeat
Ore: ingotMeatRaw
Ore: nuggetMeat
Ore: nuggetMeatRaw
Ore: blockMeat
Ore: blockMeatRaw
Ore: itemCharcoalSugar
Ore: cableRedNet
Ore: cableRedNet
Ore: cableRedNetEnergy
Ore: cableRedNetEnergy
Ore: slimeball
Ore: dyeBrown
Ore: fertilizerOrganic
Ore: wireExplosive
Ore: listAllmilk
Ore: slimeball
Ore: glass
Ore: nuggetGold
Ore: ingotGold
Ore: dustFzDarkIron
Ore: crushedCobalt
Ore: crushedPurifiedCobalt
Ore: dustTinyCobalt
Ore: clumpCobalt
Ore: dustDirtyCobalt
Ore: crushedArdite
Ore: crushedPurifiedArdite
Ore: dustTinyArdite
Ore: clumpArdite
Ore: dustDirtyArdite
Ore: crushedAluminum
Ore: crushedPurifiedAluminum
Ore: dustTinyAluminum
Ore: clumpAluminum
Ore: dustDirtyAluminum
Ore: crushedNickel
Ore: crushedPurifiedNickel
Ore: dustTinyNickel
Ore: clumpNickel
Ore: dustDirtyNickel
Ore: crushedFzDarkIron
Ore: crushedPurifiedFzDarkIron
Ore: dustTinyFzDarkIron
Ore: clumpFzDarkIron
Ore: dustDirtyFzDarkIron
Ore: dustTinyPlatinum
Ore: oreCertusQuartz
Ore: crystalCertusQuartz
Ore: dustCertusQuartz
Ore: dustNetherQuartz
Ore: dustEnderPearl
Ore: dustGold
Ore: dustIron
Ore: dustWheat
